<?xml version="1.0" encoding="utf-8"?><testsuites name="pytest tests"><testsuite name="pytest" errors="0" failures="0" skipped="0" tests="19" time="6.031" timestamp="2026-05-19T00:04:19.626437+00:00" hostname="agent-env-d7fb07df-1ba9-43ec-8973-15a12b7bff6f"><testcase classname="backend.tests.test_archer_grid.TestAuth" name="test_login_invalid" time="0.419" /><testcase classname="backend.tests.test_archer_grid.TestAuth" name="test_me" time="0.536" /><testcase classname="backend.tests.test_archer_grid.TestAuth" name="test_me_unauth" time="0.176" /><testcase classname="backend.tests.test_archer_grid.TestAuth" name="test_logout" time="0.101" /><testcase classname="backend.tests.test_archer_grid.TestRouter" name="test_detect" time="0.112" /><testcase classname="backend.tests.test_archer_grid.TestRouter" name="test_detect_unauth" time="0.122" /><testcase classname="backend.tests.test_archer_grid.TestRouter" name="test_connect_demo" time="0.163" /><testcase classname="backend.tests.test_archer_grid.TestRouter" name="test_status" time="0.256" /><testcase classname="backend.tests.test_archer_grid.TestRouter" name="test_restart_resets_uptime" time="1.697" /><testcase classname="backend.tests.test_archer_grid.TestRouter" name="test_wifi_update" time="0.208" /><testcase classname="backend.tests.test_archer_grid.TestRouter" name="test_devices_list_and_rssi_changes" time="0.269" /><testcase classname="backend.tests.test_archer_grid.TestRouter" name="test_device_action_block_and_unblock" time="0.564" /><testcase classname="backend.tests.test_archer_grid.TestRouter" name="test_device_action_unknown_mac" time="0.157" /><testcase classname="backend.tests.test_archer_grid.TestSignals" name="test_snapshot" time="0.117" /><testcase classname="backend.tests.test_archer_grid.TestSignals" name="test_history" time="0.107" /><testcase classname="backend.tests.test_archer_grid.TestSignals" name="test_signals_unauth" time="0.286" /><testcase classname="backend.tests.test_archer_grid.TestObjects" name="test_objects_detected" time="0.135" /><testcase classname="backend.tests.test_archer_grid.TestObjects" name="test_objects_log" time="0.111" /><testcase classname="backend.tests.test_archer_grid.TestObjects" name="test_objects_unauth" time="0.225" /></testsuite></testsuites>